This is pdfTeX, Version 3.141592653-2.6-1.40.29 (MiKTeX 26.1) (preloaded format=pdflatex 2026.2.2)  2 FEB 2026 10:42
entering extended mode
 restricted \write18 enabled.
 file:line:error style messages enabled.
 %&-line parsing enabled.
**"c:/Users/alvukovi/OneDrive - Capgemini/Documents/gmid-method-typst/journal-latex/high-precision-bandgap-journal.tex"
(c:/Users/alvukovi/OneDrive - Capgemini/Documents/gmid-method-typst/journal-latex/high-precision-bandgap-journal.tex
LaTeX2e <2025-11-01>
L3 programming layer <2026-01-19>
(C:\Users\alvukovi\AppData\Local\Programs\MiKTeX\tex/latex/base\article.cls
Document Class: article 2025/01/22 v1.4n Standard LaTeX document class
(C:\Users\alvukovi\AppData\Local\Programs\MiKTeX\tex/latex/base\size12.clo
File: size12.clo 2025/01/22 v1.4n Standard LaTeX file (size option)
)
\c@part=\count275
\c@section=\count276
\c@subsection=\count277
\c@subsubsection=\count278
\c@paragraph=\count279
\c@subparagraph=\count280
\c@figure=\count281
\c@table=\count282
\abovecaptionskip=\skip49
\belowcaptionskip=\skip50
\bibindent=\dimen148
) (openwork.sty (C:\Users\alvukovi\AppData\Local\Programs\MiKTeX\tex/latex/graphics\graphicx.sty
Package: graphicx 2024/12/31 v1.2e Enhanced LaTeX Graphics (DPC,SPQR)
 (C:\Users\alvukovi\AppData\Local\Programs\MiKTeX\tex/latex/graphics\keyval.sty
Package: keyval 2022/05/29 v1.15 key=value parser (DPC)
\KV@toks@=\toks17
) (C:\Users\alvukovi\AppData\Local\Programs\MiKTeX\tex/latex/graphics\graphics.sty
Package: graphics 2024/08/06 v1.4g Standard LaTeX Graphics (DPC,SPQR)
 (C:\Users\alvukovi\AppData\Local\Programs\MiKTeX\tex/latex/graphics\trig.sty
Package: trig 2023/12/02 v1.11 sin cos tan (DPC)
) (C:\Users\alvukovi\AppData\Local\Programs\MiKTeX\tex/latex/graphics-cfg\graphics.cfg
File: graphics.cfg 2016/06/04 v1.11 sample graphics configuration
)
Package graphics Info: Driver file: pdftex.def on input line 106.
 (C:\Users\alvukovi\AppData\Local\Programs\MiKTeX\tex/latex/graphics-def\pdftex.def
File: pdftex.def 2025/09/29 v1.2d Graphics/color driver for pdftex
))
\Gin@req@height=\dimen149
\Gin@req@width=\dimen150
) (C:\Users\alvukovi\AppData\Local\Programs\MiKTeX\tex/latex/svg\svg.sty
Package: svg 2020/11/26 v2.02k (include SVG pictures)
 (C:\Users\alvukovi\AppData\Local\Programs\MiKTeX\tex/generic/iftex\iftex.sty
Package: iftex 2024/12/12 v1.0g TeX engine tests
) (C:\Users\alvukovi\AppData\Local\Programs\MiKTeX\tex/latex/koma-script\scrbase.sty

+----------------------------------------------------------------------
| WARNING (`scrbase.sty'):
+----------------------------------------------------------------------
| YOU SHOULD NOTE, THAT THIS IS NOT AN OFFICIAL RELEASE!
| THIS VERSION IS INTENDED TO BE USED FOR TESTING ONLY!
| USAGE FOR PURPOSES OTHER THAN INTENDED IS DANGEROUS!
| DON'T EXPECT ANY SUPPORT FOR THIS VERSION!
+----------------------------------------------------------------------

Package: scrbase 2026/01/29 v3.49.1 KOMA-Script package (KOMA-Script-independent basics and keyval usage)
(C:\Users\alvukovi\AppData\Local\Programs\MiKTeX\tex/latex/koma-script\scrlfile.sty

+----------------------------------------------------------------------
| WARNING (`scrlfile.sty'):
+----------------------------------------------------------------------
| YOU SHOULD NOTE, THAT THIS IS NOT AN OFFICIAL RELEASE!
| THIS VERSION IS INTENDED TO BE USED FOR TESTING ONLY!
| USAGE FOR PURPOSES OTHER THAN INTENDED IS DANGEROUS!
| DON'T EXPECT ANY SUPPORT FOR THIS VERSION!
+----------------------------------------------------------------------

Package: scrlfile 2026/01/29 v3.49.1 KOMA-Script package (file load hooks)
(C:\Users\alvukovi\AppData\Local\Programs\MiKTeX\tex/latex/koma-script\scrlfile-hook.sty

+----------------------------------------------------------------------
| WARNING (`scrlfile-hook.sty'):
+----------------------------------------------------------------------
| YOU SHOULD NOTE, THAT THIS IS NOT AN OFFICIAL RELEASE!
| THIS VERSION IS INTENDED TO BE USED FOR TESTING ONLY!
| USAGE FOR PURPOSES OTHER THAN INTENDED IS DANGEROUS!
| DON'T EXPECT ANY SUPPORT FOR THIS VERSION!
+----------------------------------------------------------------------

Package: scrlfile-hook 2026/01/29 v3.49.1 KOMA-Script package (using LaTeX hooks)
(C:\Users\alvukovi\AppData\Local\Programs\MiKTeX\tex/latex/koma-script\scrlogo.sty

+----------------------------------------------------------------------
| WARNING (`scrlogo.sty'):
+----------------------------------------------------------------------
| YOU SHOULD NOTE, THAT THIS IS NOT AN OFFICIAL RELEASE!
| THIS VERSION IS INTENDED TO BE USED FOR TESTING ONLY!
| USAGE FOR PURPOSES OTHER THAN INTENDED IS DANGEROUS!
| DON'T EXPECT ANY SUPPORT FOR THIS VERSION!
+----------------------------------------------------------------------

Package: scrlogo 2026/01/29 v3.49.1 KOMA-Script package (logo)
)))
Applying: [2021/05/01] Usage of raw or classic option list on input line 267.
Already applied: [0000/00/00] Usage of raw or classic option list on input line 383.
) (C:\Users\alvukovi\AppData\Local\Programs\MiKTeX\tex/generic/pdftexcmds\pdftexcmds.sty
Package: pdftexcmds 2020-06-27 v0.33 Utility functions of pdfTeX for LuaTeX (HO)
 (C:\Users\alvukovi\AppData\Local\Programs\MiKTeX\tex/generic/infwarerr\infwarerr.sty
Package: infwarerr 2019/12/03 v1.5 Providing info/warning/error messages (HO)
) (C:\Users\alvukovi\AppData\Local\Programs\MiKTeX\tex/generic/ltxcmds\ltxcmds.sty
Package: ltxcmds 2023-12-04 v1.26 LaTeX kernel commands for general use (HO)
)
Package pdftexcmds Info: \pdf@primitive is available.
Package pdftexcmds Info: \pdf@ifprimitive is available.
Package pdftexcmds Info: \pdfdraftmode found.
) (C:\Users\alvukovi\AppData\Local\Programs\MiKTeX\tex/latex/trimspaces\trimspaces.sty
Package: trimspaces 2009/09/17 v1.1 Trim spaces around a token list
) (C:\Users\alvukovi\AppData\Local\Programs\MiKTeX\tex/latex/tools\shellesc.sty
Package: shellesc 2023/07/08 v1.0d unified shell escape interface for LaTeX
Package shellesc Info: Restricted shell escape enabled on input line 77.
)
\c@svg@param@lastpage=\count283
\svg@box=\box53
\c@svg@param@currpage=\count284
) (C:\Users\alvukovi\AppData\Local\Programs\MiKTeX\tex/latex/xcolor\xcolor.sty
Package: xcolor 2024/09/29 v3.02 LaTeX color extensions (UK)
 (C:\Users\alvukovi\AppData\Local\Programs\MiKTeX\tex/latex/graphics-cfg\color.cfg
File: color.cfg 2016/01/02 v1.6 sample color configuration
)
Package xcolor Info: Driver file: pdftex.def on input line 274.
 (C:\Users\alvukovi\AppData\Local\Programs\MiKTeX\tex/latex/graphics\mathcolor.ltx)
Package xcolor Info: Model `cmy' substituted by `cmy0' on input line 1349.
Package xcolor Info: Model `hsb' substituted by `rgb' on input line 1353.
Package xcolor Info: Model `RGB' extended on input line 1365.
Package xcolor Info: Model `HTML' substituted by `rgb' on input line 1367.
Package xcolor Info: Model `Hsb' substituted by `hsb' on input line 1368.
Package xcolor Info: Model `tHsb' substituted by `hsb' on input line 1369.
Package xcolor Info: Model `HSB' substituted by `hsb' on input line 1370.
Package xcolor Info: Model `Gray' substituted by `gray' on input line 1371.
Package xcolor Info: Model `wave' substituted by `hsb' on input line 1372.
) (C:\Users\alvukovi\AppData\Local\Programs\MiKTeX\tex/latex/transparent\transparent.sty
Package: transparent 2025-06-23 v1.6 Transparency with color stacks
 (C:\Users\alvukovi\AppData\Local\Programs\MiKTeX\tex/latex/transparent\transparent-nometadata.sty
Package: transparent-nometadata 2025-06-23 v1.6 Transparency via pdfTeX's color stack (HO)
 (C:\Users\alvukovi\AppData\Local\Programs\MiKTeX\tex/latex/auxhook\auxhook.sty
Package: auxhook 2019-12-17 v1.6 Hooks for auxiliary files (HO)
))) (C:\Users\alvukovi\AppData\Local\Programs\MiKTeX\tex/latex/pgf/systemlayer\pgfsys.sty (C:\Users\alvukovi\AppData\Local\Programs\MiKTeX\tex/latex/pgf/utilities\pgfrcs.sty (C:\Users\alvukovi\AppData\Local\Programs\MiKTeX\tex/generic/pgf/utilities\pgfutil-common.tex
\pgfutil@everybye=\toks18
\pgfutil@tempdima=\dimen151
\pgfutil@tempdimb=\dimen152
) (C:\Users\alvukovi\AppData\Local\Programs\MiKTeX\tex/generic/pgf/utilities\pgfutil-latex.def
\pgfutil@abb=\box54
) (C:\Users\alvukovi\AppData\Local\Programs\MiKTeX\tex/generic/pgf/utilities\pgfrcs.code.tex (C:\Users\alvukovi\AppData\Local\Programs\MiKTeX\tex/generic/pgf\pgf.revision.tex)
Package: pgfrcs 2025-08-29 v3.1.11a (3.1.11a)
)) (C:\Users\alvukovi\AppData\Local\Programs\MiKTeX\tex/generic/pgf/systemlayer\pgfsys.code.tex
Package: pgfsys 2025-08-29 v3.1.11a (3.1.11a)
 (C:\Users\alvukovi\AppData\Local\Programs\MiKTeX\tex/generic/pgf/utilities\pgfkeys.code.tex
\pgfkeys@pathtoks=\toks19
\pgfkeys@temptoks=\toks20
 (C:\Users\alvukovi\AppData\Local\Programs\MiKTeX\tex/generic/pgf/utilities\pgfkeyslibraryfiltered.code.tex
\pgfkeys@tmptoks=\toks21
))
\pgf@x=\dimen153
\pgf@y=\dimen154
\pgf@xa=\dimen155
\pgf@ya=\dimen156
\pgf@xb=\dimen157
\pgf@yb=\dimen158
\pgf@xc=\dimen159
\pgf@yc=\dimen160
\pgf@xd=\dimen161
\pgf@yd=\dimen162
\w@pgf@writea=\write3
\r@pgf@reada=\read2
\c@pgf@counta=\count285
\c@pgf@countb=\count286
\c@pgf@countc=\count287
\c@pgf@countd=\count288
\t@pgf@toka=\toks22
\t@pgf@tokb=\toks23
\t@pgf@tokc=\toks24
\pgf@sys@id@count=\count289
 (C:\Users\alvukovi\AppData\Local\Programs\MiKTeX\tex/generic/pgf/systemlayer\pgf.cfg
File: pgf.cfg 2025-08-29 v3.1.11a (3.1.11a)
)
Driver file for pgf: pgfsys-pdftex.def
 (C:\Users\alvukovi\AppData\Local\Programs\MiKTeX\tex/generic/pgf/systemlayer\pgfsys-pdftex.def
File: pgfsys-pdftex.def 2025-08-29 v3.1.11a (3.1.11a)
 (C:\Users\alvukovi\AppData\Local\Programs\MiKTeX\tex/generic/pgf/systemlayer\pgfsys-common-pdf.def
File: pgfsys-common-pdf.def 2025-08-29 v3.1.11a (3.1.11a)
))) (C:\Users\alvukovi\AppData\Local\Programs\MiKTeX\tex/generic/pgf/systemlayer\pgfsyssoftpath.code.tex
File: pgfsyssoftpath.code.tex 2025-08-29 v3.1.11a (3.1.11a)
\pgfsyssoftpath@smallbuffer@items=\count290
\pgfsyssoftpath@bigbuffer@items=\count291
) (C:\Users\alvukovi\AppData\Local\Programs\MiKTeX\tex/generic/pgf/systemlayer\pgfsysprotocol.code.tex
File: pgfsysprotocol.code.tex 2025-08-29 v3.1.11a (3.1.11a)
)) (C:\Users\alvukovi\AppData\Local\Programs\MiKTeX\tex/latex/geometry\geometry.sty
Package: geometry 2020/01/02 v5.9 Page Geometry
 (C:\Users\alvukovi\AppData\Local\Programs\MiKTeX\tex/generic/iftex\ifvtex.sty
Package: ifvtex 2019/10/25 v1.7 ifvtex legacy package. Use iftex instead.
)
\Gm@cnth=\count292
\Gm@cntv=\count293
\c@Gm@tempcnt=\count294
\Gm@bindingoffset=\dimen163
\Gm@wd@mp=\dimen164
\Gm@odd@mp=\dimen165
\Gm@even@mp=\dimen166
\Gm@layoutwidth=\dimen167
\Gm@layoutheight=\dimen168
\Gm@layouthoffset=\dimen169
\Gm@layoutvoffset=\dimen170
\Gm@dimlist=\toks25
 (C:\Users\alvukovi\AppData\Local\Programs\MiKTeX\tex/latex/geometry\geometry.cfg)) (C:\Users\alvukovi\AppData\Local\Programs\MiKTeX\tex/latex/biblatex-chicago\biblatex-chicago.sty
Package: biblatex-chicago 2022/07/02 v 3.18 biblatex style
 (C:\Users\alvukovi\AppData\Local\Programs\MiKTeX\tex/latex/etoolbox\etoolbox.sty
Package: etoolbox 2025/10/02 v2.5m e-TeX tools for LaTeX (JAW)
\etb@tempcnta=\count295
) (C:\Users\alvukovi\AppData\Local\Programs\MiKTeX\tex/latex/hyperref\nameref.sty
Package: nameref 2026-01-29 v2.58 Cross-referencing by name of section
 (C:\Users\alvukovi\AppData\Local\Programs\MiKTeX\tex/latex/refcount\refcount.sty
Package: refcount 2019/12/15 v3.6 Data extraction from label references (HO)
) (C:\Users\alvukovi\AppData\Local\Programs\MiKTeX\tex/generic/gettitlestring\gettitlestring.sty
Package: gettitlestring 2019/12/15 v1.6 Cleanup title references (HO)
 (C:\Users\alvukovi\AppData\Local\Programs\MiKTeX\tex/latex/kvoptions\kvoptions.sty
Package: kvoptions 2022-06-15 v3.15 Key value format for package options (HO)
 (C:\Users\alvukovi\AppData\Local\Programs\MiKTeX\tex/latex/kvsetkeys\kvsetkeys.sty
Package: kvsetkeys 2022-10-05 v1.19 Key value parser (HO)
)))
\c@section@level=\count296
) (C:\Users\alvukovi\AppData\Local\Programs\MiKTeX\tex/latex/xstring\xstring.sty (C:\Users\alvukovi\AppData\Local\Programs\MiKTeX\tex/generic/xstring\xstring.tex
\xs_counta=\count297
\xs_countb=\count298
)
Package: xstring 2023/08/22 v1.86 String manipulations (CT)
) (C:\Users\alvukovi\AppData\Local\Programs\MiKTeX\tex/latex/biblatex\biblatex.sty
Package: biblatex 2025/07/10 v3.21 programmable bibliographies (PK/MW)
 (C:\Users\alvukovi\AppData\Local\Programs\MiKTeX\tex/latex/logreq\logreq.sty
Package: logreq 2010/08/04 v1.0 xml request logger
\lrq@indent=\count299
 (C:\Users\alvukovi\AppData\Local\Programs\MiKTeX\tex/latex/logreq\logreq.def
File: logreq.def 2010/08/04 v1.0 logreq spec v1.0
)) (C:\Users\alvukovi\AppData\Local\Programs\MiKTeX\tex/latex/base\ifthen.sty
Package: ifthen 2024/03/16 v1.1e Standard LaTeX ifthen package (DPC)
) (C:\Users\alvukovi\AppData\Local\Programs\MiKTeX\tex/latex/url\url.sty
\Urlmuskip=\muskip17
Package: url 2013/09/16  ver 3.4  Verb mode for urls, etc.
)
\c@tabx@nest=\count300
\c@listtotal=\count301
\c@listcount=\count302
\c@liststart=\count303
\c@liststop=\count304
\c@citecount=\count305
\c@citetotal=\count306
\c@multicitecount=\count307
\c@multicitetotal=\count308
\c@instcount=\count309
\c@maxnames=\count310
\c@minnames=\count311
\c@maxitems=\count312
\c@minitems=\count313
\c@citecounter=\count314
\c@maxcitecounter=\count315
\c@savedcitecounter=\count316
\c@uniquelist=\count317
\c@uniquename=\count318
\c@refsection=\count319
\c@refsegment=\count320
\c@maxextratitle=\count321
\c@maxextratitleyear=\count322
\c@maxextraname=\count323
\c@maxextradate=\count324
\c@maxextraalpha=\count325
\c@abbrvpenalty=\count326
\c@highnamepenalty=\count327
\c@lownamepenalty=\count328
\c@maxparens=\count329
\c@parenlevel=\count330
\blx@tempcnta=\count331
\blx@tempcntb=\count332
\blx@tempcntc=\count333
\c@blx@maxsection=\count334
\blx@maxsegment@0=\count335
\blx@notetype=\count336
\blx@parenlevel@text=\count337
\blx@parenlevel@foot=\count338
\blx@sectionciteorder@0=\count339
\blx@sectionciteorderinternal@0=\count340
\blx@entrysetcounter=\count341
\blx@biblioinstance=\count342
\labelnumberwidth=\skip51
\labelalphawidth=\skip52
\biblabelsep=\skip53
\bibitemsep=\skip54
\bibnamesep=\skip55
\bibinitsep=\skip56
\bibparsep=\skip57
\bibhang=\skip58
\blx@bcfin=\read3
\blx@bcfout=\write4
\blx@langwohyphens=\language79
\c@mincomprange=\count343
\c@maxcomprange=\count344
\c@mincompwidth=\count345
Package biblatex Info: Trying to load biblatex default data model...
Package biblatex Info: ... file 'blx-dm.def' found.
 (C:\Users\alvukovi\AppData\Local\Programs\MiKTeX\tex/latex/biblatex\blx-dm.def
File: blx-dm.def 2025/07/10 v3.21 biblatex datamodel (PK/MW)
)
Package biblatex Info: Trying to load biblatex style data model...
Package biblatex Info: ... file 'chicago-authordate.dbx' not found.
Package biblatex Info: Trying to load biblatex custom data model...
Package biblatex Info: ... file 'biblatex-dm.cfg' not found.
\c@afterword=\count346
\c@savedafterword=\count347
\c@annotator=\count348
\c@savedannotator=\count349
\c@author=\count350
\c@savedauthor=\count351
\c@bookauthor=\count352
\c@savedbookauthor=\count353
\c@commentator=\count354
\c@savedcommentator=\count355
\c@editor=\count356
\c@savededitor=\count357
\c@editora=\count358
\c@savededitora=\count359
\c@editorb=\count360
\c@savededitorb=\count361
\c@editorc=\count362
\c@savededitorc=\count363
\c@foreword=\count364
\c@savedforeword=\count365
\c@holder=\count366
\c@savedholder=\count367
\c@introduction=\count368
\c@savedintroduction=\count369
\c@namea=\count370
\c@savednamea=\count371
\c@nameb=\count372
\c@savednameb=\count373
\c@namec=\count374
\c@savednamec=\count375
\c@translator=\count376
\c@savedtranslator=\count377
\c@shortauthor=\count378
\c@savedshortauthor=\count379
\c@shorteditor=\count380
\c@savedshorteditor=\count381
\c@labelname=\count382
\c@savedlabelname=\count383
\c@institution=\count384
\c@savedinstitution=\count385
\c@lista=\count386
\c@savedlista=\count387
\c@listb=\count388
\c@savedlistb=\count389
\c@listc=\count390
\c@savedlistc=\count391
\c@listd=\count392
\c@savedlistd=\count393
\c@liste=\count394
\c@savedliste=\count395
\c@listf=\count396
\c@savedlistf=\count397
\c@location=\count398
\c@savedlocation=\count399
\c@organization=\count400
\c@savedorganization=\count401
\c@origlocation=\count402
\c@savedoriglocation=\count403
\c@origpublisher=\count404
\c@savedorigpublisher=\count405
\c@publisher=\count406
\c@savedpublisher=\count407
\c@language=\count408
\c@savedlanguage=\count409
\c@origlanguage=\count410
\c@savedoriglanguage=\count411
\c@pageref=\count412
\c@savedpageref=\count413
\shorthandwidth=\skip59
\shortjournalwidth=\skip60
\shortserieswidth=\skip61
\shorttitlewidth=\skip62
\shortauthorwidth=\skip63
\shorteditorwidth=\skip64
\locallabelnumberwidth=\skip65
\locallabelalphawidth=\skip66
\localshorthandwidth=\skip67
\localshortjournalwidth=\skip68
\localshortserieswidth=\skip69
\localshorttitlewidth=\skip70
\localshortauthorwidth=\skip71
\localshorteditorwidth=\skip72
Package biblatex Info: Trying to load compatibility code...
Package biblatex Info: ... file 'blx-compat.def' found.
 (C:\Users\alvukovi\AppData\Local\Programs\MiKTeX\tex/latex/biblatex\blx-compat.def
File: blx-compat.def 2025/07/10 v3.21 biblatex compatibility (PK/MW)
)
Package biblatex Info: Trying to load generic definitions...
Package biblatex Info: ... file 'biblatex.def' found.
 (C:\Users\alvukovi\AppData\Local\Programs\MiKTeX\tex/latex/biblatex\biblatex.def
File: biblatex.def 2025/07/10 v3.21 biblatex compatibility (PK/MW)
\c@textcitecount=\count414
\c@textcitetotal=\count415
\c@textcitemaxnames=\count416
\c@biburlbigbreakpenalty=\count417
\c@biburlbreakpenalty=\count418
\c@biburlnumpenalty=\count419
\c@biburlucpenalty=\count420
\c@biburllcpenalty=\count421
\biburlbigskip=\muskip18
\biburlnumskip=\muskip19
\biburlucskip=\muskip20
\biburllcskip=\muskip21
\c@smartand=\count422
)
Package biblatex Info: Trying to load bibliography style 'chicago-authordate'...
Package biblatex Info: ... file 'chicago-authordate.bbx' found.
 (C:\Users\alvukovi\AppData\Local\Programs\MiKTeX\tex/latex/biblatex-chicago\chicago-authordate.bbx
File: chicago-authordate.bbx 2022/11/17 v 3.18b biblatex bibliography style
\lositemsep=\skip73
Package biblatex Info: Delimiter 'revsdnamedelim' in context '' already defined, overwriting.
\cms@tempcnta=\count423
\cms@tempcntb=\count424
\c@bbx:relatedcount=\count425
\c@bbx:relatedtotal=\count426
)
Package biblatex Info: Trying to load citation style 'chicago-authordate'...
Package biblatex Info: ... file 'chicago-authordate.cbx' found.
 (C:\Users\alvukovi\AppData\Local\Programs\MiKTeX\tex/latex/biblatex-chicago\chicago-authordate.cbx
File: chicago-authordate.cbx 2022/07/02 v 3.18 biblatex citation style
Package biblatex Info: Trying to load citation style 'chicago-dates-common'...
Package biblatex Info: ... file 'chicago-dates-common.cbx' found.
 (C:\Users\alvukovi\AppData\Local\Programs\MiKTeX\tex/latex/biblatex-chicago\chicago-dates-common.cbx
File: chicago-dates-common.cbx 2024/04/15 v 3.20 biblatex citation style
Package biblatex Info: Redefining '\cite'.
Package biblatex Info: Redefining '\parencite'.
Package biblatex Info: Redefining '\footcite'.
Package biblatex Info: Redefining '\footcitetext'.
Package biblatex Info: Redefining '\citetitle'.
Package biblatex Info: Redefining '\footfullcite'.
Package biblatex Info: Redefining '\fullcite'.
Package biblatex Info: Redefining '\textcite'.
Package biblatex Info: Redefining '\textcites'.
Package biblatex Info: Redefining '\cites'.
Package biblatex Info: Redefining '\parencites'.
Package biblatex Info: Redefining '\footcites'.
Package biblatex Info: Redefining '\footcitetexts'.
\c@cms@punct=\count427
Package biblatex Info: Delimiter 'dateeradelim' in context '' already defined, overwriting.
))
Package biblatex Info: Trying to load configuration file...
Package biblatex Info: ... file 'biblatex.cfg' found.
 (C:\Users\alvukovi\AppData\Local\Programs\MiKTeX\tex/latex/biblatex\biblatex.cfg
File: biblatex.cfg 
)
Package biblatex Info: Input encoding 'utf8' detected.
Package biblatex Info: Document encoding is UTF8 ....
 (C:\Users\alvukovi\AppData\Local\Programs\MiKTeX\tex/latex/l3kernel\expl3.sty
Package: expl3 2026-01-19 L3 programming layer (loader) 
 (C:\Users\alvukovi\AppData\Local\Programs\MiKTeX\tex/latex/l3backend\l3backend-pdftex.def
File: l3backend-pdftex.def 2025-10-09 L3 backend support: PDF output (pdfTeX)
\l__color_backend_stack_int=\count428
))
Package biblatex Info: ... and expl3
(biblatex)             2026-01-19 L3 programming layer (loader) 
(biblatex)             is new enough (at least 2020/04/06),
(biblatex)             setting 'casechanger=expl3'.
 (C:\Users\alvukovi\AppData\Local\Programs\MiKTeX\tex/latex/biblatex\blx-case-expl3.sty (C:\Users\alvukovi\AppData\Local\Programs\MiKTeX\tex/latex/l3packages/xparse\xparse.sty
Package: xparse 2025-10-09 L3 Experimental document command parser
)
Package: blx-case-expl3 2025/07/10 v3.21 expl3 case changing code for biblatex
))) (C:\Users\alvukovi\AppData\Local\Programs\MiKTeX\tex/latex/psnfss\times.sty
Package: times 2020/03/25 PSNFSS-v9.3 (SPQR) 
) (C:\Users\alvukovi\AppData\Local\Programs\MiKTeX\tex/latex/amsmath\amsmath.sty
Package: amsmath 2025/07/09 v2.17z AMS math features
\@mathmargin=\skip74

For additional information on amsmath, use the `?' option.
(C:\Users\alvukovi\AppData\Local\Programs\MiKTeX\tex/latex/amsmath\amstext.sty
Package: amstext 2024/11/17 v2.01 AMS text
 (C:\Users\alvukovi\AppData\Local\Programs\MiKTeX\tex/latex/amsmath\amsgen.sty
File: amsgen.sty 1999/11/30 v2.0 generic functions
\@emptytoks=\toks26
\ex@=\dimen171
)) (C:\Users\alvukovi\AppData\Local\Programs\MiKTeX\tex/latex/amsmath\amsbsy.sty
Package: amsbsy 1999/11/29 v1.2d Bold Symbols
\pmbraise@=\dimen172
) (C:\Users\alvukovi\AppData\Local\Programs\MiKTeX\tex/latex/amsmath\amsopn.sty
Package: amsopn 2022/04/08 v2.04 operator names
)
\inf@bad=\count429
LaTeX Info: Redefining \frac on input line 233.
\uproot@=\count430
\leftroot@=\count431
LaTeX Info: Redefining \overline on input line 398.
LaTeX Info: Redefining \colon on input line 409.
\classnum@=\count432
\DOTSCASE@=\count433
LaTeX Info: Redefining \ldots on input line 495.
LaTeX Info: Redefining \dots on input line 498.
LaTeX Info: Redefining \cdots on input line 619.
\Mathstrutbox@=\box55
\strutbox@=\box56
LaTeX Info: Redefining \big on input line 721.
LaTeX Info: Redefining \Big on input line 722.
LaTeX Info: Redefining \bigg on input line 723.
LaTeX Info: Redefining \Bigg on input line 724.
\big@size=\dimen173
LaTeX Font Info:    Redeclaring font encoding OML on input line 742.
LaTeX Font Info:    Redeclaring font encoding OMS on input line 743.
\macc@depth=\count434
LaTeX Info: Redefining \bmod on input line 904.
LaTeX Info: Redefining \pmod on input line 909.
LaTeX Info: Redefining \smash on input line 939.
LaTeX Info: Redefining \relbar on input line 969.
LaTeX Info: Redefining \Relbar on input line 970.
\c@MaxMatrixCols=\count435
\dotsspace@=\muskip22
\c@parentequation=\count436
\dspbrk@lvl=\count437
\tag@help=\toks27
\row@=\count438
\column@=\count439
\maxfields@=\count440
\andhelp@=\toks28
\eqnshift@=\dimen174
\alignsep@=\dimen175
\tagshift@=\dimen176
\tagwidth@=\dimen177
\totwidth@=\dimen178
\lineht@=\dimen179
\@envbody=\toks29
\multlinegap=\skip75
\multlinetaggap=\skip76
\mathdisplay@stack=\toks30
LaTeX Info: Redefining \[ on input line 2950.
LaTeX Info: Redefining \] on input line 2951.
) (C:\Users\alvukovi\AppData\Local\Programs\MiKTeX\tex/latex/enumitem\enumitem.sty
Package: enumitem 2025/02/06 v3.11 Customized lists
\labelindent=\skip77
\enit@outerparindent=\dimen180
\enit@toks=\toks31
\enit@inbox=\box57
\enit@count@id=\count441
\enitdp@description=\count442
) (C:\Users\alvukovi\AppData\Local\Programs\MiKTeX\tex/latex/ulem\ulem.sty
\UL@box=\box58
\UL@hyphenbox=\box59
\UL@skip=\skip78
\UL@hook=\toks32
\UL@height=\dimen181
\UL@pe=\count443
\UL@pixel=\dimen182
\ULC@box=\box60
Package: ulem 2019/11/18
\ULdepth=\dimen183
) (C:\Users\alvukovi\AppData\Local\Programs\MiKTeX\tex/latex/hyperref\hyperref.sty
Package: hyperref 2026-01-29 v7.01p Hypertext links for LaTeX
 (C:\Users\alvukovi\AppData\Local\Programs\MiKTeX\tex/generic/kvdefinekeys\kvdefinekeys.sty
Package: kvdefinekeys 2019-12-19 v1.6 Define keys (HO)
) (C:\Users\alvukovi\AppData\Local\Programs\MiKTeX\tex/generic/pdfescape\pdfescape.sty
Package: pdfescape 2019/12/09 v1.15 Implements pdfTeX's escape features (HO)
) (C:\Users\alvukovi\AppData\Local\Programs\MiKTeX\tex/latex/hycolor\hycolor.sty
Package: hycolor 2020-01-27 v1.10 Color options for hyperref/bookmark (HO)
) (C:\Users\alvukovi\AppData\Local\Programs\MiKTeX\tex/generic/stringenc\stringenc.sty
Package: stringenc 2019/11/29 v1.12 Convert strings between diff. encodings (HO)
)
\@linkdim=\dimen184
\Hy@linkcounter=\count444
\Hy@pagecounter=\count445
 (C:\Users\alvukovi\AppData\Local\Programs\MiKTeX\tex/latex/hyperref\pd1enc.def
File: pd1enc.def 2026-01-29 v7.01p Hyperref: PDFDocEncoding definition (HO)
Now handling font encoding PD1 ...
... no UTF-8 mapping file for font encoding PD1
) (C:\Users\alvukovi\AppData\Local\Programs\MiKTeX\tex/generic/intcalc\intcalc.sty
Package: intcalc 2019/12/15 v1.3 Expandable calculations with integers (HO)
)
\Hy@SavedSpaceFactor=\count446
 (C:\Users\alvukovi\AppData\Local\Programs\MiKTeX\tex/latex/hyperref\puenc.def
File: puenc.def 2026-01-29 v7.01p Hyperref: PDF Unicode definition (HO)
Now handling font encoding PU ...
... no UTF-8 mapping file for font encoding PU
)
Package hyperref Info: Hyper figures OFF on input line 4201.
Package hyperref Info: Link nesting OFF on input line 4206.
Package hyperref Info: Hyper index ON on input line 4209.
Package hyperref Info: Plain pages OFF on input line 4216.
Package hyperref Info: Backreferencing OFF on input line 4221.
Package hyperref Info: Implicit mode ON; LaTeX internals redefined.
Package hyperref Info: Bookmarks ON on input line 4468.
\c@Hy@tempcnt=\count447
LaTeX Info: Redefining \url on input line 4807.
\XeTeXLinkMargin=\dimen185
 (C:\Users\alvukovi\AppData\Local\Programs\MiKTeX\tex/generic/bitset\bitset.sty
Package: bitset 2019/12/09 v1.3 Handle bit-vector datatype (HO)
 (C:\Users\alvukovi\AppData\Local\Programs\MiKTeX\tex/generic/bigintcalc\bigintcalc.sty
Package: bigintcalc 2019/12/15 v1.5 Expandable calculations on big integers (HO)
))
\Fld@menulength=\count448
\Field@Width=\dimen186
\Fld@charsize=\dimen187
Package hyperref Info: Hyper figures OFF on input line 6084.
Package hyperref Info: Link nesting OFF on input line 6089.
Package hyperref Info: Hyper index ON on input line 6092.
Package hyperref Info: backreferencing OFF on input line 6099.
Package hyperref Info: Link coloring OFF on input line 6104.
Package hyperref Info: Link coloring with OCG OFF on input line 6109.
Package hyperref Info: PDF/A mode OFF on input line 6114.
\Hy@abspage=\count449
\c@Item=\count450
\c@Hfootnote=\count451
)
Package hyperref Info: Driver (autodetected): hpdftex.
 (C:\Users\alvukovi\AppData\Local\Programs\MiKTeX\tex/latex/hyperref\hpdftex.def
File: hpdftex.def 2026-01-29 v7.01p Hyperref driver for pdfTeX
\Fld@listcount=\count452
\c@bookmark@seq@number=\count453
 (C:\Users\alvukovi\AppData\Local\Programs\MiKTeX\tex/latex/rerunfilecheck\rerunfilecheck.sty
Package: rerunfilecheck 2025-06-21 v1.11 Rerun checks for auxiliary files (HO)
 (C:\Users\alvukovi\AppData\Local\Programs\MiKTeX\tex/generic/uniquecounter\uniquecounter.sty
Package: uniquecounter 2019/12/15 v1.4 Provide unlimited unique counter (HO)
)
Package uniquecounter Info: New unique counter `rerunfilecheck' on input line 284.
)
\Hy@SectionHShift=\skip79
) (C:\Users\alvukovi\AppData\Local\Programs\MiKTeX\tex/latex/tabularray\tabularray.sty
Package: tabularray 2025-11-27 v2025C Typeset tabulars and arrays with LaTeX3
 (C:\Users\alvukovi\AppData\Local\Programs\MiKTeX\tex/latex/ninecolors\ninecolors.sty
Package: ninecolors 2022-02-13 v2022D Select colors with proper color contrast
)
\g__tblr_nohyper_int=\count454
\l__tblr_a_int=\count455
\l__tblr_c_int=\count456
\l__tblr_r_int=\count457
\l__tblr_d_dim=\dimen188
\l__tblr_h_dim=\dimen189
\l__tblr_o_dim=\dimen190
\l__tblr_p_dim=\dimen191
\l__tblr_q_dim=\dimen192
\l__tblr_r_dim=\dimen193
\l__tblr_s_dim=\dimen194
\l__tblr_t_dim=\dimen195
\l__tblr_v_dim=\dimen196
\l__tblr_w_dim=\dimen197
\l__tblr_a_box=\box61
\l__tblr_b_box=\box62
\l__tblr_c_box=\box63
\l__tblr_d_box=\box64
\c@tblrcount=\count458
\c@rownum=\count459
\c@colnum=\count460
\c@rowcount=\count461
\c@colcount=\count462
\abovesep=\dimen198
\belowsep=\dimen199
\leftsep=\dimen256
\rightsep=\dimen257
\gTblrLevelInt=\count463
\g__tblr_data_row_key_count_int=\count464
\g__tblr_data_column_key_count_int=\count465
\g__tblr_data_cell_key_count_int=\count466
\g__tblr_array_int=\count467
\l__tblr_key_count_int=\count468
\l__tblr_key_quotient_int=\count469
\l__tblr_key_quotient_two_int=\count470
\l__tblr_key_remainder_int=\count471
\g__tblr_data_str_value_count_int=\count472
\lTblrChildTotalInt=\count473
\lTblrChildHtotalInt=\count474
\lTblrChildVtotalInt=\count475
\l__child_diff_h_int=\count476
\l__child_diff_v_int=\count477
\l__child_sign_h_int=\count478
\l__child_sign_v_int=\count479
\l__child_step_int=\count480
\lTblrDefaultHruleWidthDim=\dimen258
\lTblrDefaultVruleWidthDim=\dimen259
\l__tblr_split_balance_int=\count481
\l__tblr_strut_dp_dim=\dimen260
\l__tblr_strut_ht_dim=\dimen261
\g__tblr_cell_wd_dim=\dimen262
\g__tblr_cell_ht_dim=\dimen263
\g__tblr_cell_head_dim=\dimen264
\g__tblr_cell_foot_dim=\dimen265
\l__tblr_measured_cell_box=\box65
\g__tblr_last_box=\box66
\l__tblr_temp_box=\box67
\l__tblr_column_target_dim=\dimen266
\l__tblr_hfuzz_dim=\dimen267
\l__tblr_caption_box=\box68
\l__tblr_caption_left_box=\box69
\lTblrRowHeadInt=\count482
\lTblrRowFootInt=\count483
\l__tblr_row_head_box=\box70
\l__tblr_row_foot_box=\box71
\l__tblr_row_head_foot_dim=\dimen268
\lTblrTableWidthDim=\dimen269
\l__tblr_table_firsthead_box=\box72
\l__tblr_table_middlehead_box=\box73
\l__tblr_table_lasthead_box=\box74
\l__tblr_table_firstfoot_box=\box75
\l__tblr_table_middlefoot_box=\box76
\l__tblr_table_lastfoot_box=\box77
\l__tblr_remain_height_dim=\dimen270
\l__tblr_next_rows_dim=\dimen271
\l__tblr_page_overfill_dim=\dimen272
\l__tblr_long_from_int=\count484
\l__tblr_long_to_int=\count485
\l__tblr_curr_i_int=\count486
\l__tblr_prev_i_int=\count487
\lTblrTablePageInt=\count488
\l__tblr_table_head_box=\box78
\l__tblr_table_foot_box=\box79
\l__tblr_table_head_foot_dim=\dimen273
\l__tblr_table_head_body_foot_dim=\dimen274
\l__tblr_table_box=\box80
\lTblrRowFirstInt=\count489
\lTblrRowLastInt=\count490
\l__tblr_cover_box_a_dim=\dimen275
\l__tblr_cover_box_b_dim=\dimen276
\l__tblr_table_hlines_box=\box81
\l__tblr_hline_box=\box82
\l__tblr_row_box=\box83
\l__tblr_col_o_wd_dim=\dimen277
\l__tblr_col_b_wd_dim=\dimen278
\l__tblr_hline_leftskip_dim=\dimen279
\l__tblr_hline_rightskip_dim=\dimen280
\l__tblr_row_ht_dim=\dimen281
\l__tblr_row_dp_dim=\dimen282
\l__tblr_row_abovesep_dim=\dimen283
\l__tblr_row_belowsep_dim=\dimen284
\l__tblr_row_vlines_box=\box84
\l__tblr_vline_box=\box85
\l__tblr_cell_box=\box86
\l__tblr_row_upper_dim=\dimen285
\l__tblr_row_lower_dim=\dimen286
\l__tblr_row_vpace_dim=\dimen287
\l__tblr_vline_aboveskip_dim=\dimen288
\l__tblr_vline_belowskip_dim=\dimen289
\lTblrCellRowSpanInt=\count491
\lTblrCellColSpanInt=\count492
\l__tblr_cell_wd_dim=\dimen290
\l__tblr_cell_ht_dim=\dimen291
\lTblrCellAboveBorderWidthDim=\dimen292
\lTblrCellBelowBorderWidthDim=\dimen293
\lTblrCellLeftBorderWidthDim=\dimen294
\lTblrCellRightBorderWidthDim=\dimen295
\l__tblr_diag_box=\box87
\l__tblr_cell_inner_wd_dim=\dimen296
\l__tblr_cell_inner_dp_dim=\dimen297
\l__tblr_cell_hanchor_dim=\dimen298
\l__tblr_last_cell_table_ht_dim=\dimen299
\l__tblr_last_cell_table_dp_dim=\dimen300
\l__tblr_last_vline_wd_dim=\dimen301
\l__tblr_tikz_node_box=\box88
) (C:\Users\alvukovi\AppData\Local\Programs\MiKTeX\tex/latex/booktabs\booktabs.sty
Package: booktabs 2020/01/12 v1.61803398 Publication quality tables
\heavyrulewidth=\dimen302
\lightrulewidth=\dimen303
\cmidrulewidth=\dimen304
\belowrulesep=\dimen305
\belowbottomsep=\dimen306
\aboverulesep=\dimen307
\abovetopsep=\dimen308
\cmidrulesep=\dimen309
\cmidrulekern=\dimen310
\defaultaddspace=\dimen311
\@cmidla=\count493
\@cmidlb=\count494
\@aboverulesep=\dimen312
\@belowrulesep=\dimen313
\@thisruleclass=\count495
\@lastruleclass=\count496
\@thisrulewidth=\dimen314
) (C:\Users\alvukovi\AppData\Local\Programs\MiKTeX\tex/latex/base\inputenc.sty
Package: inputenc 2024/02/08 v1.3d Input encoding file
\inpenc@prehook=\toks33
\inpenc@posthook=\toks34
) (C:\Users\alvukovi\AppData\Local\Programs\MiKTeX\tex/latex/parskip\parskip.sty
Package: parskip 2021-03-14 v2.0h non-zero parskip adjustments
) (C:\Users\alvukovi\AppData\Local\Programs\MiKTeX\tex/latex/titlesec\titlesec.sty
Package: titlesec 2025/01/04 v2.17 Sectioning titles
\ttl@box=\box89
\beforetitleunit=\skip80
\aftertitleunit=\skip81
\ttl@plus=\dimen315
\ttl@minus=\dimen316
\ttl@toksa=\toks35
\titlewidth=\dimen317
\titlewidthlast=\dimen318
\titlewidthfirst=\dimen319
) (C:\Users\alvukovi\AppData\Local\Programs\MiKTeX\tex/latex/titling\titling.sty
Package: titling 2009/09/04 v2.1d maketitle typesetting
\thanksmarkwidth=\skip82
\thanksmargin=\skip83
\droptitle=\skip84
) (C:\Users\alvukovi\AppData\Local\Programs\MiKTeX\tex/latex/preprint\authblk.sty
Package: authblk 2001/02/27 1.3 (PWD)
\affilsep=\skip85
\@affilsep=\skip86
\c@Maxaffil=\count497
\c@authors=\count498
\c@affil=\count499
) (C:\Users\alvukovi\AppData\Local\Programs\MiKTeX\tex/latex/abstract\abstract.sty
Package: abstract 2009/06/08 v1.2a configurable abstracts
\abstitleskip=\skip87
\absleftindent=\skip88
\absrightindent=\skip89
\absparindent=\skip90
\absparsep=\skip91
) (C:\Users\alvukovi\AppData\Local\Programs\MiKTeX\tex/latex/fancyhdr\fancyhdr.sty
Package: fancyhdr 2025/02/07 v5.2 Extensive control of page headers and footers
\f@nch@headwidth=\skip92
\f@nch@offset@elh=\skip93
\f@nch@offset@erh=\skip94
\f@nch@offset@olh=\skip95
\f@nch@offset@orh=\skip96
\f@nch@offset@elf=\skip97
\f@nch@offset@erf=\skip98
\f@nch@offset@olf=\skip99
\f@nch@offset@orf=\skip100
\f@nch@height=\skip101
\f@nch@footalignment=\skip102
\f@nch@widthL=\skip103
\f@nch@widthC=\skip104
\f@nch@widthR=\skip105
\@temptokenb=\toks36
)

Package fancyhdr Warning: \fancyhead's `E' option without twoside option is useless.
(fancyhdr)                Please consider using the `twoside' option on input line 43.

)

Package biblatex Warning: Load 'inputenc' before biblatex.

\@quotelevel=\count500
\@quotereset=\count501
LaTeX Font Info:    Trying to load font information for OT1+ptm on input line 13.
(C:\Users\alvukovi\AppData\Local\Programs\MiKTeX\tex/latex/psnfss\ot1ptm.fd
File: ot1ptm.fd 2001/06/04 font definitions for OT1/ptm.
) (high-precision-bandgap-journal.aux)
\openout1 = `high-precision-bandgap-journal.aux'.

LaTeX Font Info:    Checking defaults for OML/cmm/m/it on input line 13.
LaTeX Font Info:    ... okay on input line 13.
LaTeX Font Info:    Checking defaults for OMS/cmsy/m/n on input line 13.
LaTeX Font Info:    ... okay on input line 13.
LaTeX Font Info:    Checking defaults for OT1/cmr/m/n on input line 13.
LaTeX Font Info:    ... okay on input line 13.
LaTeX Font Info:    Checking defaults for T1/cmr/m/n on input line 13.
LaTeX Font Info:    ... okay on input line 13.
LaTeX Font Info:    Checking defaults for TS1/cmr/m/n on input line 13.
LaTeX Font Info:    ... okay on input line 13.
LaTeX Font Info:    Checking defaults for OMX/cmex/m/n on input line 13.
LaTeX Font Info:    ... okay on input line 13.
LaTeX Font Info:    Checking defaults for U/cmr/m/n on input line 13.
LaTeX Font Info:    ... okay on input line 13.
LaTeX Font Info:    Checking defaults for PD1/pdf/m/n on input line 13.
LaTeX Font Info:    ... okay on input line 13.
LaTeX Font Info:    Checking defaults for PU/pdf/m/n on input line 13.
LaTeX Font Info:    ... okay on input line 13.
 (C:\Users\alvukovi\AppData\Local\Programs\MiKTeX\tex/context/base/mkii\supp-pdf.mkii
[Loading MPS to PDF converter (version 2006.09.02).]
\scratchcounter=\count502
\scratchdimen=\dimen320
\scratchbox=\box90
\nofMPsegments=\count503
\nofMParguments=\count504
\everyMPshowfont=\toks37
\MPscratchCnt=\count505
\MPscratchDim=\dimen321
\MPnumerator=\count506
\makeMPintoPDFobject=\count507
\everyMPtoPDFconversion=\toks38
) (C:\Users\alvukovi\AppData\Local\Programs\MiKTeX\tex/latex/epstopdf-pkg\epstopdf-base.sty
Package: epstopdf-base 2020-01-24 v2.11 Base part for package epstopdf
Package epstopdf-base Info: Redefining graphics rule for `.eps' on input line 485.
 (C:\Users\alvukovi\AppData\Local\Programs\MiKTeX\tex/latex/00miktex\epstopdf-sys.cfg
File: epstopdf-sys.cfg 2021/03/18 v2.0 Configuration of epstopdf for MiKTeX
))
*geometry* driver: auto-detecting
*geometry* detected driver: pdftex
*geometry* verbose mode - [ preamble ] result:
* driver: pdftex
* paper: letterpaper
* layout: <same size as paper>
* layoutoffset:(h,v)=(0.0pt,0.0pt)
* modes: 
* h-part:(L,W,R)=(72.26999pt, 469.75502pt, 72.26999pt)
* v-part:(T,H,B)=(72.26999pt, 650.43001pt, 72.26999pt)
* \paperwidth=614.295pt
* \paperheight=794.96999pt
* \textwidth=469.75502pt
* \textheight=650.43001pt
* \oddsidemargin=0.0pt
* \evensidemargin=0.0pt
* \topmargin=-37.0pt
* \headheight=12.0pt
* \headsep=25.0pt
* \topskip=12.0pt
* \footskip=30.0pt
* \marginparwidth=44.0pt
* \marginparsep=10.0pt
* \columnsep=10.0pt
* \skip\footins=10.8pt plus 4.0pt minus 2.0pt
* \hoffset=0.0pt
* \voffset=0.0pt
* \mag=1000
* \@twocolumnfalse
* \@twosidefalse
* \@mparswitchfalse
* \@reversemarginfalse
* (1in=72.27pt=25.4mm, 1cm=28.453pt)

Package biblatex Info: Trying to load language 'english' -> 'cms-american'...
Package biblatex Info: ... file 'cms-american.lbx' found.
(C:\Users\alvukovi\AppData\Local\Programs\MiKTeX\tex/latex/biblatex-chicago\cms-american.lbx
File: cms-american.lbx 2022/07/02 v 3.18 biblatex localization
Package biblatex Info: Trying to load language 'american'...
Package biblatex Info: ... file 'american.lbx' found.
 (C:\Users\alvukovi\AppData\Local\Programs\MiKTeX\tex/latex/biblatex/lbx\american.lbx
File: american.lbx 2025/07/10 v3.21 biblatex localization (PK/MW)
Package biblatex Info: Trying to load language 'english'...
Package biblatex Info: ... file 'english.lbx' found.
 (C:\Users\alvukovi\AppData\Local\Programs\MiKTeX\tex/latex/biblatex/lbx\english.lbx
File: english.lbx 2025/07/10 v3.21 biblatex localization (PK/MW)
))
Package biblatex Info: Trying to load language 'english'...
Package biblatex Info: ... file 'english.lbx' found.
 (C:\Users\alvukovi\AppData\Local\Programs\MiKTeX\tex/latex/biblatex/lbx\english.lbx
File: english.lbx 2025/07/10 v3.21 biblatex localization (PK/MW)
))
Package biblatex Info: Input encoding 'utf8' detected.
Package biblatex Info: Automatic encoding selection.
(biblatex)             Assuming data encoding 'utf8'.
\openout4 = `high-precision-bandgap-journal.bcf'.

Package biblatex Info: Trying to load bibliographic data...
Package biblatex Info: ... file 'high-precision-bandgap-journal.bbl' found.
 (high-precision-bandgap-journal.bbl)
Package biblatex Info: Reference section=0 on input line 13.
Package biblatex Info: Reference segment=0 on input line 13.
Package hyperref Info: Link coloring OFF on input line 13.
 (high-precision-bandgap-journal.out) (high-precision-bandgap-journal.out)
\@outlinefile=\write5
\openout5 = `high-precision-bandgap-journal.out'.


Underfull \hbox (badness 10000) in paragraph at lines 17--17
[][]\OT1/ptm/b/n/16 Abstract|
 []

LaTeX Font Info:    Trying to load font information for TS1+ptm on input line 39.
(C:\Users\alvukovi\AppData\Local\Programs\MiKTeX\tex/latex/psnfss\ts1ptm.fd
File: ts1ptm.fd 2001/06/04 font definitions for TS1/ptm.
) [1

{C:/Users/alvukovi/AppData/Local/MiKTeX/fonts/map/pdftex/pdftex.map}{C:/Users/alvukovi/AppData/Local/Programs/MiKTeX/fonts/enc/dvips/base/8r.enc}]

Package fancyhdr Warning: \headheight is too small (12.0pt): 
(fancyhdr)                Make it at least 14.49998pt, for example:
(fancyhdr)                \setlength{\headheight}{14.49998pt}.
(fancyhdr)                You might also make \topmargin smaller:
(fancyhdr)                \addtolength{\topmargin}{-2.49998pt}.

[2]

Package fancyhdr Warning: \headheight is too small (12.0pt): 
(fancyhdr)                Make it at least 14.49998pt, for example:
(fancyhdr)                \setlength{\headheight}{14.49998pt}.
(fancyhdr)                You might also make \topmargin smaller:
(fancyhdr)                \addtolength{\topmargin}{-2.49998pt}.

[3]
Overfull \hbox (5.70291pt too wide) in paragraph at lines 169--170
[]\OT1/ptm/m/n/12 The sub-mis-sion ad-heres to the Sub-mis-sion Guide-lines and Article-Specific Prepa-ra-tion Guide-
 []


Package fancyhdr Warning: \headheight is too small (12.0pt): 
(fancyhdr)                Make it at least 14.49998pt, for example:
(fancyhdr)                \setlength{\headheight}{14.49998pt}.
(fancyhdr)                You might also make \topmargin smaller:
(fancyhdr)                \addtolength{\topmargin}{-2.49998pt}.

[4]

Package fancyhdr Warning: \headheight is too small (12.0pt): 
(fancyhdr)                Make it at least 14.49998pt, for example:
(fancyhdr)                \setlength{\headheight}{14.49998pt}.
(fancyhdr)                You might also make \topmargin smaller:
(fancyhdr)                \addtolength{\topmargin}{-2.49998pt}.

[5] (high-precision-bandgap-journal.aux)
 ***********
LaTeX2e <2025-11-01>
L3 programming layer <2026-01-19>
 ***********
Package rerunfilecheck Info: File `high-precision-bandgap-journal.out' has not changed.
(rerunfilecheck)             Checksum: 5578C6C46477EE9047A1BD6D4FDC695C;1838.
Package logreq Info: Writing requests to 'high-precision-bandgap-journal.run.xml'.
\openout1 = `high-precision-bandgap-journal.run.xml'.

 ) 
Here is how much of TeX's memory you used:
 26060 strings out of 467866
 503638 string characters out of 5416874
 1769223 words of memory out of 5000000
 54595 multiletter control sequences out of 15000+600000
 642857 words of font info for 69 fonts, out of 8000000 for 9000
 1141 hyphenation exceptions out of 8191
 109i,11n,107p,1302b,3949s stack positions out of 10000i,1000n,20000p,200000b,200000s
<C:/Users/alvukovi/AppData/Local/Programs/MiKTeX/fonts/type1/public/amsfonts/cm/cmex10.pfb><C:/Users/alvukovi/AppData/Local/Programs/MiKTeX/fonts/type1/public/amsfonts/cm/cmmi12.pfb><C:/Users/alvukovi/AppData/Local/Programs/MiKTeX/fonts/type1/public/amsfonts/cm/cmmi8.pfb><C:/Users/alvukovi/AppData/Local/Programs/MiKTeX/fonts/type1/public/amsfonts/cm/cmr12.pfb><C:/Users/alvukovi/AppData/Local/Programs/MiKTeX/fonts/type1/public/amsfonts/cm/cmr8.pfb><C:/Users/alvukovi/AppData/Local/Programs/MiKTeX/fonts/type1/public/amsfonts/cm/cmsy10.pfb><C:/Users/alvukovi/AppData/Local/Programs/MiKTeX/fonts/type1/public/amsfonts/cm/cmsy8.pfb><C:/Users/alvukovi/AppData/Local/Programs/MiKTeX/fonts/type1/urw/times/utmb8a.pfb><C:/Users/alvukovi/AppData/Local/Programs/MiKTeX/fonts/type1/urw/times/utmr8a.pfb><C:/Users/alvukovi/AppData/Local/Programs/MiKTeX/fonts/type1/urw/times/utmri8a.pfb>
Output written on high-precision-bandgap-journal.pdf (5 pages, 147101 bytes).
PDF statistics:
 170 PDF objects out of 1000 (max. 8388607)
 29 named destinations out of 1000 (max. 500000)
 141 words of extra memory for PDF output out of 10000 (max. 10000000)

